<?xml version="1.0" encoding="UTF-8"?>
<!-- Generated by org.testng.reporters.JUnitXMLReporter -->
<testsuite ignored="2" hostname="pooja" failures="0" tests="1" name="Chrometest" time="5.015" errors="0" timestamp="2025-04-28T10:06:23 IST">
  <testcase classname="testScript.SubCategory_Test" name="verifyAddingNewSubcategoryWithValidDetails" time="2.985"/>
  <testcase classname="testScript.SubCategory_Test" name="verifySearchingExistingSubcategoryFromTheList" time="0.0">
    <ignored/>
  </testcase> <!-- verifySearchingExistingSubcategoryFromTheList -->
  <testcase classname="testScript.SubCategory_Test" name="verifyEditingASubcategoryAdded" time="0.0">
    <ignored/>
  </testcase> <!-- verifyEditingASubcategoryAdded -->
</testsuite> <!-- Chrometest -->
