<?xml version="1.0" encoding="UTF-8"?>
<!-- Generated by org.testng.reporters.JUnitXMLReporter -->
<testsuite ignored="2" hostname="pooja" failures="0" tests="1" name="Edgetest" time="2.997" errors="0" timestamp="2025-04-23T14:11:16 IST">
  <testcase classname="testScript.SubCategory_Test" name="verifySearchingSubcategoryFromTheList" time="1.651"/>
  <testcase classname="testScript.SubCategory_Test" name="verifyAddingNewSubcategoryWithValidDetails" time="0.0">
    <ignored/>
  </testcase> <!-- verifyAddingNewSubcategoryWithValidDetails -->
  <testcase classname="testScript.SubCategory_Test" name="verifyEditingASubcategoryAdded" time="0.0">
    <ignored/>
  </testcase> <!-- verifyEditingASubcategoryAdded -->
</testsuite> <!-- Edgetest -->
