<?xml version="1.0" encoding="UTF-8"?>
<!-- Generated by org.testng.reporters.JUnitXMLReporter -->
<testsuite ignored="3" hostname="pooja" failures="0" tests="0" time="0.012" errors="0" timestamp="2025-04-24T14:34:03 IST">
  <testcase classname="testScript.SubCategory_Test" name="verifyAddingNewSubcategoryWithValidDetails" time="0.0">
    <ignored/>
  </testcase> <!-- verifyAddingNewSubcategoryWithValidDetails -->
  <testcase classname="testScript.SubCategory_Test" name="verifySearchingExistingSubcategoryFromTheList" time="0.0">
    <ignored/>
  </testcase> <!-- verifySearchingExistingSubcategoryFromTheList -->
  <testcase classname="testScript.SubCategory_Test" name="verifyEditingASubcategoryAdded" time="0.0">
    <ignored/>
  </testcase> <!-- verifyEditingASubcategoryAdded -->
</testsuite>
