<?xml version="1.0" encoding="UTF-8"?>
<!-- Generated by org.testng.reporters.JUnitXMLReporter -->
<testsuite ignored="1" hostname="pooja" failures="0" tests="1" name="Default test" time="3.339" errors="0" timestamp="2025-04-28T13:21:59 IST">
  <testcase classname="testScript.ManageCategory_Test" name="verifyDeletingACategoryAdded" time="1.685"/>
  <testcase classname="testScript.ManageCategory_Test" name="verifyAddingAnewCategory" time="0.0">
    <ignored/>
  </testcase> <!-- verifyAddingAnewCategory -->
</testsuite> <!-- Default test -->
