<?xml version="1.0" encoding="UTF-8"?>
<!-- Generated by org.testng.reporters.JUnitXMLReporter -->
<testsuite ignored="0" hostname="pooja" failures="0" tests="15" name="myTest" time="37.733" errors="0" timestamp="2025-04-28T14:59:12 IST">
  <testcase classname="testScript.Login_Test" name="loginUsingValidCredentials" time="0.548"/>
  <testcase classname="testScript.Login_Test" name="loginUsingValidCredentialsFromExcelsheet" time="0.832"/>
  <testcase classname="testScript.Login_Test" name="loginUsingValidUsernameAndInvalidPassword" time="0.273"/>
  <testcase classname="testScript.Login_Test" name="verifyLoginWithInvalidCredentials" time="0.377"/>
  <testcase classname="testScript.Login_Test" name="verifyLoginWithInvalidCredentials" time="0.285"/>
  <testcase classname="testScript.Login_Test" name="verifyUserLoginWithInvalidUsernameAndValidPassword" time="0.358"/>
  <testcase classname="testScript.SubCategory_Test" name="verifyAddingNewSubcategoryWithValidDetails" time="2.589"/>
  <testcase classname="testScript.SubCategory_Test" name="verifyEditingASubcategoryAdded" time="2.244"/>
  <testcase classname="testScript.SubCategory_Test" name="verifySearchingExistingSubcategoryFromTheList" time="1.38"/>
  <testcase classname="testScript.ManageFooterText_Test" name="verifyUpdatingManageFooterText" time="2.586"/>
  <testcase classname="testScript.ManageContact_Test" name="verifyEditingExistingContact" time="2.398"/>
  <testcase classname="testScript.ManageCategory_Test" name="verifyAddingAnewCategory" time="2.54"/>
  <testcase classname="testScript.ManageCategory_Test" name="verifyDeletingACategoryAdded" time="1.11"/>
  <testcase classname="testScript.Admin_Users" name="verifyAddingNewUserWithValidDetails" time="1.582"/>
  <testcase classname="testScript.Log_Out" name="verifyLogoutFunction" time="1.24"/>
</testsuite> <!-- myTest -->
