<?xml version="1.0" encoding="UTF-8"?>
<!-- Generated by org.testng.reporters.JUnitXMLReporter -->
<testsuite ignored="2" hostname="pooja" failures="0" tests="1" name="chrometest" time="3.677" errors="0" timestamp="2025-04-28T10:05:52 IST">
  <testcase classname="testScript.SubCategory_Test" name="verifyAddingNewSubcategoryWithValidDetails" time="2.127"/>
  <testcase classname="testScript.SubCategory_Test" name="verifySearchingExistingSubcategoryFromTheList" time="0.0">
    <ignored/>
  </testcase> <!-- verifySearchingExistingSubcategoryFromTheList -->
  <testcase classname="testScript.SubCategory_Test" name="verifyEditingASubcategoryAdded" time="0.0">
    <ignored/>
  </testcase> <!-- verifyEditingASubcategoryAdded -->
</testsuite> <!-- chrometest -->
